gui_exclusion -set_force true
# Preference setting overrides
gui_create_pref_key -category {Globals} -key {load_detail_for_funcov} -value_type {bool} -value {false}

# State setting overrides
gui_state_default_create -off -ini
gui_set_state_value -category Globals -key recent_cov_databases -value /home/Shahd_Abdulmohsan/shdL6/Lab6/simv.vdb
gui_state_default_create -off

# Begin command logging
gui_open_cov -hier simv.vdb -testdir {} -test {simv/test} -merge MergedTest
gui_list_select -id CovHier.1 -current_item_name top -current_item_type Scope  { top   } -type { Scope  }
gui_list_select -id CovHier.1 -current_item_name {/<Function Groups>} -current_item_type {}  { top  {/<Function Groups>}   } -type { Scope {}  }
gui_list_expand -id CovHier.1   {/<Function Groups>}
gui_list_select -id CovHier.1 -current_item_name {/<Function Groups>/alu_test::ALU_CG} -current_item_type {Cover Group}  { {/<Function Groups>}  {/<Function Groups>/alu_test::ALU_CG}   } -type { {} {Cover Group}  }
gui_list_expand -id CovHier.1   {/<Function Groups>/alu_test::ALU_CG}
gui_list_action -id  CovHier.1 {/<Function Groups>/alu_test::ALU_CG}  -type {Cover Group}
gui_list_select -id CovHier.1 -current_item_name {/<Function Groups>/alu_test::ALU_CG/top.TEST::ALU_CG} -current_item_type {Cover Group}  { {/<Function Groups>/alu_test::ALU_CG}  {/<Function Groups>/alu_test::ALU_CG/top.TEST::ALU_CG}   } -type { {Cover Group} {Cover Group}  }
gui_list_action -id  CovHier.1 {/<Function Groups>/alu_test::ALU_CG/top.TEST::ALU_CG}  -type {Cover Group}
gui_list_select -id CovHier.1 -current_item_name {/<Design Hierarchy>} -current_item_type {}  { {/<Function Groups>/alu_test::ALU_CG/top.TEST::ALU_CG}  {/<Design Hierarchy>}   } -type { {Cover Group} {}  }
gui_list_collapse -id CovHier.1   {/<Design Hierarchy>}
gui_list_select -id CovHier.1 -current_item_name {/<Function Groups>} -current_item_type {}  { {/<Design Hierarchy>}  {/<Function Groups>}   } -type { {} {}  }
gui_list_collapse -id CovHier.1   {/<Function Groups>}
gui_list_select -id CovHier.1 -current_item_name {/<Module List>} -current_item_type {}  { {/<Function Groups>}  {/<Module List>}   } -type { {} {}  }
gui_list_expand -id CovHier.1   {/<Module List>}
gui_list_select -id CovHier.1 -current_item_name alu -current_item_type Module  { {/<Module List>}  alu   } -type { {} Module  }
gui_list_action -id  CovHier.1 alu  -type {Module}
gui_list_select -id CovHier.1 -current_item_name {/<Module List>} -current_item_type {}  { alu  {/<Module List>}   } -type { Module {}  }
gui_list_collapse -id CovHier.1   {/<Module List>}
gui_list_select -id CovHier.1 -current_item_name {/<Function Groups>} -current_item_type {}  { {/<Module List>}  {/<Function Groups>}   } -type { {} {}  }
gui_list_expand -id CovHier.1   {/<Function Groups>}
gui_list_select -id CovHier.1 -current_item_name {/<Function Groups>/alu_test::ALU_CG} -current_item_type {Cover Group}  { {/<Function Groups>}  {/<Function Groups>/alu_test::ALU_CG}   } -type { {} {Cover Group}  }
gui_list_collapse -id CovHier.1   {/<Function Groups>/alu_test::ALU_CG}
gui_list_action -id  CovHier.1 {/<Function Groups>/alu_test::ALU_CG}  -type {Cover Group}
gui_list_select -id CovHier.1 -current_item_name {/<Function Groups>} -current_item_type {}  { {/<Function Groups>/alu_test::ALU_CG}  {/<Function Groups>}   } -type { {Cover Group} {}  }
gui_list_collapse -id CovHier.1   {/<Function Groups>}
gui_list_expand -id  CovHier.1   {/<Function Groups>}
gui_list_expand -id  CovHier.1   {/<Function Groups>/alu_test::ALU_CG}
gui_list_select -id CovHier.1 -current_item_name {/<Function Groups>/alu_test::ALU_CG/top.TEST::ALU_CG} -current_item_type {Cover Group}  { {/<Function Groups>}  {/<Function Groups>/alu_test::ALU_CG/top.TEST::ALU_CG}   } -type { {} {Cover Group}  }
gui_list_action -id  CovHier.1 {/<Function Groups>/alu_test::ALU_CG/top.TEST::ALU_CG}  -type {Cover Group}
